<?xml version="1.0" encoding="UTF-8"?>
<!-- Generated by org.testng.reporters.JUnitXMLReporter -->
<testsuite ignored="0" hostname="LAPTOP-LK3P86B6" failures="0"
	tests="3" name="Default test" time="0.08" errors="0"
	timestamp="2023-10-17T19:31:10 IST">
	<testcase classname="vtigerng.TestClass"
		name="verifyTc003Markrtinh" time="0.007" />
	<testcase classname="vtigerng.TestClass"
		name="verifyTc001Markrtinh" time="0.001" />
	<testcase classname="vtigerng.TestClass"
		name="verifyTc002Markrtinh" time="0.001" />
</testsuite> <!-- Default test -->
